#
# A fatal error has been detected by the Java Runtime Environment:
#
#  SIGSEGV (0xb) at pc=0x00007f4c5dbdaf95, pid=19507, tid=0x00007f4c5c1e7700
#
# JRE version: OpenJDK Runtime Environment (8.0_151-b12) (build 1.8.0_151-8u151-b12-0ubuntu0.16.04.2-b12)
# Java VM: OpenJDK 64-Bit Server VM (25.151-b12 mixed mode linux-amd64 compressed oops)
# Problematic frame:
# C  [libawt_xawt.so+0x35f95]
#
# Failed to write core dump. Core dumps have been disabled. To enable core dumping, try "ulimit -c unlimited" before starting Java again
#
# If you would like to submit a bug report, please visit:
#   http://bugreport.java.com/bugreport/crash.jsp
# The crash happened outside the Java Virtual Machine in native code.
# See problematic frame for where to report the bug.
#

---------------  T H R E A D  ---------------

Current thread (0x00007f4c741f4800):  JavaThread "AWT-XAWT" daemon [_thread_in_native, id=19525, stack(0x00007f4c5c0e7000,0x00007f4c5c1e8000)]

siginfo: si_signo: 11 (SIGSEGV), si_code: 1 (SEGV_MAPERR), si_addr: 0x0000000000000031

Registers:
RAX=0x0000000000000011, RBX=0x00007f4c741f49e0, RCX=0x0000000000000000, RDX=0x0000000000000042
RSP=0x00007f4c5c1e6710, RBP=0x00007f4c5c1e6730, RSI=0x00007f4c2802ba60, RDI=0x00007f4c741f49e0
R8 =0x00000000ed028000, R9 =0x00000000ed0005a8, R10=0x0000000000000070, R11=0x00007f4c7c35ebd4
R12=0x0000000000000011, R13=0x00007f4c2802ba60, R14=0x00007f4c5ddfdb00, R15=0x00007f4c741f4800
RIP=0x00007f4c5dbdaf95, EFLAGS=0x0000000000010206, CSGSFS=0x002b000000000033, ERR=0x0000000000000004
  TRAPNO=0x000000000000000e

Top of Stack: (sp=0x00007f4c5c1e6710)
0x00007f4c5c1e6710:   00007f4c23f7d698 00007f4c2c00acf0
0x00007f4c5c1e6720:   00000000ec5aad98 00007f4c5c1e67b0
0x00007f4c5c1e6730:   0000000000000000 00007f4c5d6bd3c0
0x00007f4c5c1e6740:   00007f4c23f7d698 00007f4c5c1e6770
0x00007f4c5c1e6750:   0000000000000000 00007f4c5d6b4f93
0x00007f4c5c1e6760:   00000000ec5aad98 00007f4c5dbd2cef
0x00007f4c5c1e6770:   00007f4c5c1e67c0 00007f4c6527ec36
0x00007f4c5c1e6780:   00000000ed089098 0000000000000001
0x00007f4c5c1e6790:   00000000ed089078 00007f4c2c000e30
0x00007f4c5c1e67a0:   0000000000400002 0000000000000011
0x00007f4c5c1e67b0:   00000000c3a00638 00000000ed0afed8
0x00007f4c5c1e67c0:   00007f4c5c1e6a00 00007f4c6573e034
0x00007f4c5c1e67d0:   00007f4c480221d8 00007f4c48021e00
0x00007f4c5c1e67e0:   00007f4c48021df0 00007f4c2c000020
0x00007f4c5c1e67f0:   0000000000000040 0000000000000000
0x00007f4c5c1e6800:   0000000000000004 00007f4c5c1e68b0
0x00007f4c5c1e6810:   0000000000000040 00007f4c7ca3a184
0x00007f4c5c1e6820:   00007f4c78b8a7e0 0000000000000040
0x00007f4c5c1e6830:   00007f4c5c1e6870 81e9583d9a60a700
0x00007f4c5c1e6840:   00007f4c5c1e6930 0000000000000008
0x00007f4c5c1e6850:   00007f4c5c1e6880 0000000000000008
0x00007f4c5c1e6860:   00007f4c5c1e68b0 0000000000000040
0x00007f4c5c1e6870:   00007f4c5c1e6910 00007f4c7bda686d
0x00007f4c5c1e6880:   00007f4c5c1e6930 0000000065020338
0x00007f4c5c1e6890:   00007f4c65005310 00000000ed0afed8
0x00007f4c5c1e68a0:   00000000ed089248 00000000ed0afed8
0x00007f4c5c1e68b0:   0000000000000000 00000000ed089248
0x00007f4c5c1e68c0:   00000000ed089248 00000000ed0afed8
0x00007f4c5c1e68d0:   00000000ed0afed8 00000000ed089248
0x00007f4c5c1e68e0:   0000000000000000 00000000c3a00f78
0x00007f4c5c1e68f0:   00000000ed0af950 00000000ed004300
0x00007f4c5c1e6900:   00007f4c2c000e30 00000000ec5aadd0 

Instructions: (pc=0x00007f4c5dbdaf95)
0x00007f4c5dbdaf75:   83 3d ec 1a 22 00 00 49 89 c4 74 0f 5b 4c 89 e0
0x00007f4c5dbdaf85:   41 5c 41 5d 41 5e 5d c3 0f 1f 00 48 85 c0 74 2e
0x00007f4c5dbdaf95:   48 8b 50 20 4c 8d 05 6f 2f 01 00 48 8d 0d 01 32
0x00007f4c5dbdafa5:   01 00 31 f6 48 89 df 31 c0 e8 bd a5 fd ff 48 8b 

Register to memory mapping:

RAX=0x0000000000000011 is an unknown value
RBX=0x00007f4c741f49e0 is an unknown value
RCX=0x0000000000000000 is an unknown value
RDX=0x0000000000000042 is an unknown value
RSP=0x00007f4c5c1e6710 is pointing into the stack for thread: 0x00007f4c741f4800
RBP=0x00007f4c5c1e6730 is pointing into the stack for thread: 0x00007f4c741f4800
RSI=0x00007f4c2802ba60 is a global jni handle
RDI=0x00007f4c741f49e0 is an unknown value
R8 =0x00000000ed028000 is an oop
sun.util.logging.PlatformLogger$Level 
 - klass: 'sun/util/logging/PlatformLogger$Level'
R9 =0x00000000ed0005a8 is an oop
java.lang.Object 
 - klass: 'java/lang/Object'
R10=0x0000000000000070 is an unknown value
R11=0x00007f4c7c35ebd4: <offset 0xf21bd4> in /usr/lib/jvm/java-8-openjdk-amd64/jre/lib/amd64/server/libjvm.so at 0x00007f4c7b43d000
R12=0x0000000000000011 is an unknown value
R13=0x00007f4c2802ba60 is a global jni handle
R14=0x00007f4c5ddfdb00: <offset 0x258b00> in /usr/lib/jvm/java-8-openjdk-amd64/jre/lib/amd64/libawt_xawt.so at 0x00007f4c5dba5000
R15=0x00007f4c741f4800 is a thread


Stack: [0x00007f4c5c0e7000,0x00007f4c5c1e8000],  sp=0x00007f4c5c1e6710,  free space=1021k
Native frames: (J=compiled Java code, j=interpreted, Vv=VM code, C=native code)
C  [libawt_xawt.so+0x35f95]
C  [libX11.so.6+0x643c0]  _XimServerDestroy+0x70

Java frames: (J=compiled Java code, j=interpreted, Vv=VM code)
J 707  sun.awt.X11.XlibWrapper.XFilterEvent(JJ)Z (0 bytes) @ 0x00007f4c6527ebc4 [0x00007f4c6527eb80+0x44]
J 2064% C1 sun.awt.X11.XToolkit.run(Z)V (410 bytes) @ 0x00007f4c6573e034 [0x00007f4c6573a940+0x36f4]
j  sun.awt.X11.XToolkit.run()V+5
j  java.lang.Thread.run()V+11
v  ~StubRoutines::call_stub

---------------  P R O C E S S  ---------------

Java Threads: ( => current thread )
  0x00007f4c7400a000 JavaThread "DestroyJavaVM" [_thread_blocked, id=19509, stack(0x00007f4c7d093000,0x00007f4c7d194000)]
  0x00007f4c741fa800 JavaThread "AWT-EventQueue-0" [_thread_blocked, id=19527, stack(0x00007f4c339ee000,0x00007f4c33aef000)]
  0x00007f4c741f9000 JavaThread "AWT-Shutdown" [_thread_blocked, id=19526, stack(0x00007f4c33aef000,0x00007f4c33bf0000)]
=>0x00007f4c741f4800 JavaThread "AWT-XAWT" daemon [_thread_in_native, id=19525, stack(0x00007f4c5c0e7000,0x00007f4c5c1e8000)]
  0x00007f4c741d3800 JavaThread "Java2D Disposer" daemon [_thread_blocked, id=19524, stack(0x00007f4c5c1e8000,0x00007f4c5c2e9000)]
  0x00007f4c740ae800 JavaThread "Service Thread" daemon [_thread_blocked, id=19522, stack(0x00007f4c6406a000,0x00007f4c6416b000)]
  0x00007f4c740ac000 JavaThread "C1 CompilerThread1" daemon [_thread_blocked, id=19521, stack(0x00007f4c6416b000,0x00007f4c6426c000)]
  0x00007f4c740a9000 JavaThread "C2 CompilerThread0" daemon [_thread_blocked, id=19520, stack(0x00007f4c6426c000,0x00007f4c6436d000)]
  0x00007f4c740a7000 JavaThread "Signal Dispatcher" daemon [_thread_blocked, id=19519, stack(0x00007f4c6436d000,0x00007f4c6446e000)]
  0x00007f4c7407f800 JavaThread "Finalizer" daemon [_thread_blocked, id=19514, stack(0x00007f4c648f9000,0x00007f4c649fa000)]
  0x00007f4c7407a800 JavaThread "Reference Handler" daemon [_thread_blocked, id=19513, stack(0x00007f4c649fa000,0x00007f4c64afb000)]

Other Threads:
  0x00007f4c74073000 VMThread [stack: 0x00007f4c64afb000,0x00007f4c64bfc000] [id=19512]
  0x00007f4c740cd800 WatcherThread [stack: 0x00007f4c5e0cf000,0x00007f4c5e1d0000] [id=19523]

VM state:not at safepoint (normal execution)

VM Mutex/Monitor currently owned by a thread: None

Heap:
 PSYoungGen      total 18432K, used 10035K [0x00000000ebe00000, 0x00000000ed280000, 0x0000000100000000)
  eden space 15872K, 50% used [0x00000000ebe00000,0x00000000ec5da790,0x00000000ecd80000)
  from space 2560K, 77% used [0x00000000ed000000,0x00000000ed1f2768,0x00000000ed280000)
  to   space 2560K, 0% used [0x00000000ecd80000,0x00000000ecd80000,0x00000000ed000000)
 ParOldGen       total 42496K, used 24K [0x00000000c3a00000, 0x00000000c6380000, 0x00000000ebe00000)
  object space 42496K, 0% used [0x00000000c3a00000,0x00000000c3a06000,0x00000000c6380000)
 Metaspace       used 13086K, capacity 13254K, committed 13568K, reserved 1060864K
  class space    used 1448K, capacity 1513K, committed 1536K, reserved 1048576K

Card table byte_map: [0x00007f4c79567000,0x00007f4c7974b000] byte_map_base: 0x00007f4c78f4a000

Marking Bits: (ParMarkBitMap*) 0x00007f4c7c35e2c0
 Begin Bits: [0x00007f4c5e1d0000, 0x00007f4c5f0e8000)
 End Bits:   [0x00007f4c5f0e8000, 0x00007f4c60000000)

Polling page: 0x00007f4c7d1b2000

CodeCache: size=245760Kb used=7454Kb max_used=7454Kb free=238306Kb
 bounds [0x00007f4c65000000, 0x00007f4c65750000, 0x00007f4c74000000]
 total_blobs=2603 nmethods=2065 adapters=452
 compilation: enabled

Compilation events (10 events):
Event: 339737.712 Thread 0x00007f4c740ac000 2074  s    3       java.awt.MediaTracker::waitForID (82 bytes)
Event: 339737.715 Thread 0x00007f4c740ac000 nmethod 2074 0x00007f4c65749d10 code [0x00007f4c65749ec0, 0x00007f4c6574a4d8]
Event: 339737.715 Thread 0x00007f4c740ac000 2070       3       java.awt.MediaTracker::addImageImpl (25 bytes)
Event: 339737.716 Thread 0x00007f4c740ac000 nmethod 2070 0x00007f4c6574a690 code [0x00007f4c6574a820, 0x00007f4c6574aba8]
Event: 339737.716 Thread 0x00007f4c740ac000 2071       3       java.awt.ImageMediaEntry::<init> (24 bytes)
Event: 339737.726 Thread 0x00007f4c740ac000 nmethod 2071 0x00007f4c6574ad90 code [0x00007f4c6574af00, 0x00007f4c6574b150]
Event: 339737.726 Thread 0x00007f4c740ac000 2072       3       java.awt.MediaEntry::<init> (15 bytes)
Event: 339737.727 Thread 0x00007f4c740ac000 nmethod 2072 0x00007f4c6574b250 code [0x00007f4c6574b3c0, 0x00007f4c6574b590]
Event: 339737.727 Thread 0x00007f4c740ac000 2073       3       java.awt.MediaEntry::insert (53 bytes)
Event: 339737.727 Thread 0x00007f4c740ac000 nmethod 2073 0x00007f4c6574b650 code [0x00007f4c6574b7c0, 0x00007f4c6574ba90]

GC Heap History (4 events):
Event: 118.749 GC heap before
{Heap before GC invocations=1 (full 0):
 PSYoungGen      total 18432K, used 15872K [0x00000000ebe00000, 0x00000000ed280000, 0x0000000100000000)
  eden space 15872K, 100% used [0x00000000ebe00000,0x00000000ecd80000,0x00000000ecd80000)
  from space 2560K, 0% used [0x00000000ed000000,0x00000000ed000000,0x00000000ed280000)
  to   space 2560K, 0% used [0x00000000ecd80000,0x00000000ecd80000,0x00000000ed000000)
 ParOldGen       total 42496K, used 0K [0x00000000c3a00000, 0x00000000c6380000, 0x00000000ebe00000)
  object space 42496K, 0% used [0x00000000c3a00000,0x00000000c3a00000,0x00000000c6380000)
 Metaspace       used 12962K, capacity 13184K, committed 13312K, reserved 1060864K
  class space    used 1443K, capacity 1512K, committed 1536K, reserved 1048576K
Event: 118.779 GC heap after
Heap after GC invocations=1 (full 0):
 PSYoungGen      total 18432K, used 1913K [0x00000000ebe00000, 0x00000000ed280000, 0x0000000100000000)
  eden space 15872K, 0% used [0x00000000ebe00000,0x00000000ebe00000,0x00000000ecd80000)
  from space 2560K, 74% used [0x00000000ecd80000,0x00000000ecf5e758,0x00000000ed000000)
  to   space 2560K, 0% used [0x00000000ed000000,0x00000000ed000000,0x00000000ed280000)
 ParOldGen       total 42496K, used 16K [0x00000000c3a00000, 0x00000000c6380000, 0x00000000ebe00000)
  object space 42496K, 0% used [0x00000000c3a00000,0x00000000c3a04000,0x00000000c6380000)
 Metaspace       used 12962K, capacity 13184K, committed 13312K, reserved 1060864K
  class space    used 1443K, capacity 1512K, committed 1536K, reserved 1048576K
}
Event: 241385.160 GC heap before
{Heap before GC invocations=2 (full 0):
 PSYoungGen      total 18432K, used 17785K [0x00000000ebe00000, 0x00000000ed280000, 0x0000000100000000)
  eden space 15872K, 100% used [0x00000000ebe00000,0x00000000ecd80000,0x00000000ecd80000)
  from space 2560K, 74% used [0x00000000ecd80000,0x00000000ecf5e758,0x00000000ed000000)
  to   space 2560K, 0% used [0x00000000ed000000,0x00000000ed000000,0x00000000ed280000)
 ParOldGen       total 42496K, used 16K [0x00000000c3a00000, 0x00000000c6380000, 0x00000000ebe00000)
  object space 42496K, 0% used [0x00000000c3a00000,0x00000000c3a04000,0x00000000c6380000)
 Metaspace       used 13058K, capacity 13248K, committed 13568K, reserved 1060864K
  class space    used 1448K, capacity 1512K, committed 1536K, reserved 1048576K
Event: 241385.335 GC heap after
Heap after GC invocations=2 (full 0):
 PSYoungGen      total 18432K, used 1993K [0x00000000ebe00000, 0x00000000ed280000, 0x0000000100000000)
  eden space 15872K, 0% used [0x00000000ebe00000,0x00000000ebe00000,0x00000000ecd80000)
  from space 2560K, 77% used [0x00000000ed000000,0x00000000ed1f2768,0x00000000ed280000)
  to   space 2560K, 0% used [0x00000000ecd80000,0x00000000ecd80000,0x00000000ed000000)
 ParOldGen       total 42496K, used 24K [0x00000000c3a00000, 0x00000000c6380000, 0x00000000ebe00000)
  object space 42496K, 0% used [0x00000000c3a00000,0x00000000c3a06000,0x00000000c6380000)
 Metaspace       used 13058K, capacity 13248K, committed 13568K, reserved 1060864K
  class space    used 1448K, capacity 1512K, committed 1536K, reserved 1048576K
}

Deoptimization events (10 events):
Event: 63123.884 Thread 0x00007f4c741f4800 Uncommon trap: reason=bimorphic action=maybe_recompile pc=0x00007f4c65659cb0 method=sun.awt.X11.XToolkit.dispatchEvent(Lsun/awt/X11/XEvent;)V @ 167
Event: 82451.356 Thread 0x00007f4c741f4800 Uncommon trap: reason=unstable_if action=reinterpret pc=0x00007f4c656b339c method=sun.awt.X11.XToolkit.run(Z)V @ 213
Event: 203247.504 Thread 0x00007f4c741fa800 Uncommon trap: reason=unstable_if action=reinterpret pc=0x00007f4c655d7b74 method=sun.awt.image.SurfaceManager.getManager(Ljava/awt/Image;)Lsun/awt/image/SurfaceManager; @ 9
Event: 203247.674 Thread 0x00007f4c741fa800 Uncommon trap: reason=unstable_if action=reinterpret pc=0x00007f4c65479354 method=sun.java2d.loops.ProcessPath.TESTANDCLIP(FF[FIIII)I @ 8
Event: 203247.699 Thread 0x00007f4c741fa800 Uncommon trap: reason=unstable_if action=reinterpret pc=0x00007f4c65519064 method=javax.swing.JComponent.getClientProperty(Ljava/lang/Object;)Ljava/lang/Object; @ 28
Event: 203247.746 Thread 0x00007f4c741fa800 Uncommon trap: reason=unstable_if action=reinterpret pc=0x00007f4c655d7084 method=java.awt.Component.areBoundsValid()Z @ 20
Event: 203247.795 Thread 0x00007f4c741fa800 Uncommon trap: reason=unstable_if action=reinterpret pc=0x00007f4c655d7ed4 method=sun.java2d.pipe.Region.isInsideQuickCheck(Lsun/java2d/pipe/Region;)Z @ 37
Event: 203247.805 Thread 0x00007f4c741fa800 Uncommon trap: reason=unstable_if action=reinterpret pc=0x00007f4c655dde70 method=sun.java2d.pipe.Region.isInsideXYXY(IIII)Z @ 21
Event: 203247.805 Thread 0x00007f4c741fa800 Uncommon trap: reason=unstable_if action=reinterpret pc=0x00007f4c655e6f2c method=java.awt.geom.AffineTransform.translate(DD)V @ 533
Event: 339427.826 Thread 0x00007f4c741f4800 Uncommon trap: reason=unstable_if action=reinterpret pc=0x00007f4c656ec0ec method=sun.awt.X11.XToolkit.run(Z)V @ 303

Internal exceptions (10 events):
Event: 0.472 Thread 0x00007f4c7400a000 Exception <a 'java/security/PrivilegedActionException'> (0x00000000ebe76130) thrown at [/build/openjdk-8-W2Qe27/openjdk-8-8u151-b12/src/hotspot/src/share/vm/prims/jvm.cpp, line 1390]
Event: 0.473 Thread 0x00007f4c7400a000 Exception <a 'java/security/PrivilegedActionException'> (0x00000000ebe76340) thrown at [/build/openjdk-8-W2Qe27/openjdk-8-8u151-b12/src/hotspot/src/share/vm/prims/jvm.cpp, line 1390]
Event: 0.751 Thread 0x00007f4c7400a000 Exception <a 'java/lang/NoSuchFieldError': method resolution failed> (0x00000000ebf930d0) thrown at [/build/openjdk-8-W2Qe27/openjdk-8-8u151-b12/src/hotspot/src/share/vm/prims/methodHandles.cpp, line 1146]
Event: 0.781 Thread 0x00007f4c7400a000 Exception <a 'java/lang/NoSuchFieldError': method resolution failed> (0x00000000ebfa08d0) thrown at [/build/openjdk-8-W2Qe27/openjdk-8-8u151-b12/src/hotspot/src/share/vm/prims/methodHandles.cpp, line 1146]
Event: 0.948 Thread 0x00007f4c7400a000 Exception <a 'java/io/FileNotFoundException'> (0x00000000ec020da0) thrown at [/build/openjdk-8-W2Qe27/openjdk-8-8u151-b12/src/hotspot/src/share/vm/prims/jni.cpp, line 709]
Event: 0.957 Thread 0x00007f4c7400a000 Exception <a 'java/io/FileNotFoundException'> (0x00000000ec0217a0) thrown at [/build/openjdk-8-W2Qe27/openjdk-8-8u151-b12/src/hotspot/src/share/vm/prims/jni.cpp, line 709]
Event: 1.101 Thread 0x00007f4c7400a000 Exception <a 'java/lang/ClassNotFoundException': sun/dc/DuctusRenderingEngine> (0x00000000ec02d0f0) thrown at [/build/openjdk-8-W2Qe27/openjdk-8-8u151-b12/src/hotspot/src/share/vm/classfile/systemDictionary.cpp, line 210]
Event: 3.291 Thread 0x00007f4c741fa800 Exception <a 'java/lang/UnsupportedOperationException': > (0x00000000ec5051f8) thrown at [/build/openjdk-8-W2Qe27/openjdk-8-8u151-b12/src/hotspot/src/share/vm/prims/jni.cpp, line 735]
Event: 21.174 Thread 0x00007f4c741fa800 Implicit null exception at 0x00007f4c655eee46 to 0x00007f4c655f0d6d
Event: 119.453 Thread 0x00007f4c741fa800 Implicit null exception at 0x00007f4c655ec1d7 to 0x00007f4c655ec995

Events (10 events):
Event: 241385.344 Thread 0x00007f4c740ac000 flushing nmethod 0x00007f4c65108c90
Event: 241385.344 Thread 0x00007f4c740ac000 flushing nmethod 0x00007f4c65109010
Event: 241385.344 Thread 0x00007f4c740ac000 flushing nmethod 0x00007f4c65109b50
Event: 241385.344 Thread 0x00007f4c740ac000 flushing nmethod 0x00007f4c6510ab90
Event: 241385.353 Thread 0x00007f4c740ac000 flushing nmethod 0x00007f4c6511b710
Event: 259938.011 Executing VM operation: BulkRevokeBias
Event: 259938.013 Executing VM operation: BulkRevokeBias done
Event: 339427.826 Thread 0x00007f4c741f4800 Uncommon trap: trap_request=0xffffff65 fr.pc=0x00007f4c656ec0ec
Event: 339427.827 Thread 0x00007f4c741f4800 DEOPT PACKING pc=0x00007f4c656ec0ec sp=0x00007f4c5c1e6940
Event: 339427.827 Thread 0x00007f4c741f4800 DEOPT UNPACKING pc=0x00007f4c65004f69 sp=0x00007f4c5c1e6918 mode 2


Dynamic libraries:
00400000-00401000 r-xp 00000000 b3:02 657872                             /usr/lib/jvm/java-8-openjdk-amd64/jre/bin/java
00600000-00601000 r--p 00000000 b3:02 657872                             /usr/lib/jvm/java-8-openjdk-amd64/jre/bin/java
00601000-00602000 rw-p 00001000 b3:02 657872                             /usr/lib/jvm/java-8-openjdk-amd64/jre/bin/java
015a7000-015eb000 rw-p 00000000 00:00 0                                  [heap]
c3a00000-c6380000 rw-p 00000000 00:00 0 
c6380000-ebe00000 ---p 00000000 00:00 0 
ebe00000-ed280000 rw-p 00000000 00:00 0 
ed280000-100000000 ---p 00000000 00:00 0 
100000000-100180000 rw-p 00000000 00:00 0 
100180000-140000000 ---p 00000000 00:00 0 
7f4c23e00000-7f4c23fc0000 rw-p 00000000 00:00 0 
7f4c23fc0000-7f4c24000000 ---p 00000000 00:00 0 
7f4c24000000-7f4c24021000 rw-p 00000000 00:00 0 
7f4c24021000-7f4c28000000 ---p 00000000 00:00 0 
7f4c28000000-7f4c28119000 rw-p 00000000 00:00 0 
7f4c28119000-7f4c2c000000 ---p 00000000 00:00 0 
7f4c2c000000-7f4c2c021000 rw-p 00000000 00:00 0 
7f4c2c021000-7f4c30000000 ---p 00000000 00:00 0 
7f4c301c0000-7f4c301c3000 ---p 00000000 00:00 0 
7f4c301c3000-7f4c304c1000 rw-p 00000000 00:00 0 
7f4c304c1000-7f4c304d2000 r-xp 00000000 b3:02 657850                     /usr/lib/jvm/java-8-openjdk-amd64/jre/lib/amd64/libnio.so
7f4c304d2000-7f4c306d2000 ---p 00011000 b3:02 657850                     /usr/lib/jvm/java-8-openjdk-amd64/jre/lib/amd64/libnio.so
7f4c306d2000-7f4c306d3000 r--p 00011000 b3:02 657850                     /usr/lib/jvm/java-8-openjdk-amd64/jre/lib/amd64/libnio.so
7f4c306d3000-7f4c306d4000 rw-p 00012000 b3:02 657850                     /usr/lib/jvm/java-8-openjdk-amd64/jre/lib/amd64/libnio.so
7f4c306d4000-7f4c336d5000 rw-p 00000000 00:00 0 
7f4c336d5000-7f4c336ec000 r-xp 00000000 b3:02 657838                     /usr/lib/jvm/java-8-openjdk-amd64/jre/lib/amd64/libnet.so
7f4c336ec000-7f4c338eb000 ---p 00017000 b3:02 657838                     /usr/lib/jvm/java-8-openjdk-amd64/jre/lib/amd64/libnet.so
7f4c338eb000-7f4c338ec000 r--p 00016000 b3:02 657838                     /usr/lib/jvm/java-8-openjdk-amd64/jre/lib/amd64/libnet.so
7f4c338ec000-7f4c338ed000 rw-p 00017000 b3:02 657838                     /usr/lib/jvm/java-8-openjdk-amd64/jre/lib/amd64/libnet.so
7f4c338ed000-7f4c338f0000 ---p 00000000 00:00 0 
7f4c338f0000-7f4c339ee000 rw-p 00000000 00:00 0 
7f4c339ee000-7f4c339f1000 ---p 00000000 00:00 0 
7f4c339f1000-7f4c33aef000 rw-p 00000000 00:00 0 
7f4c33aef000-7f4c33af2000 ---p 00000000 00:00 0 
7f4c33af2000-7f4c33bf0000 rw-p 00000000 00:00 0 
7f4c33bf0000-7f4c33bf5000 r-xp 00000000 b3:02 666120                     /usr/lib/x86_64-linux-gnu/libXfixes.so.3.1.0
7f4c33bf5000-7f4c33df4000 ---p 00005000 b3:02 666120                     /usr/lib/x86_64-linux-gnu/libXfixes.so.3.1.0
7f4c33df4000-7f4c33df5000 r--p 00004000 b3:02 666120                     /usr/lib/x86_64-linux-gnu/libXfixes.so.3.1.0
7f4c33df5000-7f4c33df6000 rw-p 00005000 b3:02 666120                     /usr/lib/x86_64-linux-gnu/libXfixes.so.3.1.0
7f4c33df6000-7f4c33dff000 r-xp 00000000 b3:02 658709                     /usr/lib/x86_64-linux-gnu/libXcursor.so.1.0.2
7f4c33dff000-7f4c33ffe000 ---p 00009000 b3:02 658709                     /usr/lib/x86_64-linux-gnu/libXcursor.so.1.0.2
7f4c33ffe000-7f4c33fff000 r--p 00008000 b3:02 658709                     /usr/lib/x86_64-linux-gnu/libXcursor.so.1.0.2
7f4c33fff000-7f4c34000000 rw-p 00009000 b3:02 658709                     /usr/lib/x86_64-linux-gnu/libXcursor.so.1.0.2
7f4c34000000-7f4c34021000 rw-p 00000000 00:00 0 
7f4c34021000-7f4c38000000 ---p 00000000 00:00 0 
7f4c38000000-7f4c38021000 rw-p 00000000 00:00 0 
7f4c38021000-7f4c3c000000 ---p 00000000 00:00 0 
7f4c3c000000-7f4c3cf26000 rw-p 00000000 00:00 0 
7f4c3cf26000-7f4c40000000 ---p 00000000 00:00 0 
7f4c40000000-7f4c40021000 rw-p 00000000 00:00 0 
7f4c40021000-7f4c44000000 ---p 00000000 00:00 0 
7f4c44000000-7f4c44021000 rw-p 00000000 00:00 0 
7f4c44021000-7f4c48000000 ---p 00000000 00:00 0 
7f4c48000000-7f4c48785000 rw-p 00000000 00:00 0 
7f4c48785000-7f4c4c000000 ---p 00000000 00:00 0 
7f4c4c000000-7f4c4c021000 rw-p 00000000 00:00 0 
7f4c4c021000-7f4c50000000 ---p 00000000 00:00 0 
7f4c50000000-7f4c50021000 rw-p 00000000 00:00 0 
7f4c50021000-7f4c54000000 ---p 00000000 00:00 0 
7f4c54000000-7f4c54021000 rw-p 00000000 00:00 0 
7f4c54021000-7f4c58000000 ---p 00000000 00:00 0 
7f4c58000000-7f4c58021000 rw-p 00000000 00:00 0 
7f4c58021000-7f4c5c000000 ---p 00000000 00:00 0 
7f4c5c0e7000-7f4c5c0ea000 ---p 00000000 00:00 0 
7f4c5c0ea000-7f4c5c1e8000 rw-p 00000000 00:00 0 
7f4c5c1e8000-7f4c5c1eb000 ---p 00000000 00:00 0 
7f4c5c1eb000-7f4c5c2e9000 rw-p 00000000 00:00 0 
7f4c5c2e9000-7f4c5c30d000 r-xp 00000000 b3:02 1315772                    /lib/x86_64-linux-gnu/libpng12.so.0.54.0
7f4c5c30d000-7f4c5c50c000 ---p 00024000 b3:02 1315772                    /lib/x86_64-linux-gnu/libpng12.so.0.54.0
7f4c5c50c000-7f4c5c50d000 r--p 00023000 b3:02 1315772                    /lib/x86_64-linux-gnu/libpng12.so.0.54.0
7f4c5c50d000-7f4c5c50e000 rw-p 00024000 b3:02 1315772                    /lib/x86_64-linux-gnu/libpng12.so.0.54.0
7f4c5c50e000-7f4c5c5b2000 r-xp 00000000 b3:02 655871                     /usr/lib/x86_64-linux-gnu/libfreetype.so.6.12.1
7f4c5c5b2000-7f4c5c7b1000 ---p 000a4000 b3:02 655871                     /usr/lib/x86_64-linux-gnu/libfreetype.so.6.12.1
7f4c5c7b1000-7f4c5c7b7000 r--p 000a3000 b3:02 655871                     /usr/lib/x86_64-linux-gnu/libfreetype.so.6.12.1
7f4c5c7b7000-7f4c5c7b8000 rw-p 000a9000 b3:02 655871                     /usr/lib/x86_64-linux-gnu/libfreetype.so.6.12.1
7f4c5c7b8000-7f4c5c80a000 r-xp 00000000 b3:02 657828                     /usr/lib/jvm/java-8-openjdk-amd64/jre/lib/amd64/libfontmanager.so
7f4c5c80a000-7f4c5ca0a000 ---p 00052000 b3:02 657828                     /usr/lib/jvm/java-8-openjdk-amd64/jre/lib/amd64/libfontmanager.so
7f4c5ca0a000-7f4c5ca0c000 r--p 00052000 b3:02 657828                     /usr/lib/jvm/java-8-openjdk-amd64/jre/lib/amd64/libfontmanager.so
7f4c5ca0c000-7f4c5ca0d000 rw-p 00054000 b3:02 657828                     /usr/lib/jvm/java-8-openjdk-amd64/jre/lib/amd64/libfontmanager.so
7f4c5ca0d000-7f4c5ca12000 r-xp 00000000 b3:02 666116                     /usr/lib/x86_64-linux-gnu/libXdmcp.so.6.0.0
7f4c5ca12000-7f4c5cc11000 ---p 00005000 b3:02 666116                     /usr/lib/x86_64-linux-gnu/libXdmcp.so.6.0.0
7f4c5cc11000-7f4c5cc12000 r--p 00004000 b3:02 666116                     /usr/lib/x86_64-linux-gnu/libXdmcp.so.6.0.0
7f4c5cc12000-7f4c5cc13000 rw-p 00005000 b3:02 666116                     /usr/lib/x86_64-linux-gnu/libXdmcp.so.6.0.0
7f4c5cc13000-7f4c5cc15000 r-xp 00000000 b3:02 666105                     /usr/lib/x86_64-linux-gnu/libXau.so.6.0.0
7f4c5cc15000-7f4c5ce15000 ---p 00002000 b3:02 666105                     /usr/lib/x86_64-linux-gnu/libXau.so.6.0.0
7f4c5ce15000-7f4c5ce16000 r--p 00002000 b3:02 666105                     /usr/lib/x86_64-linux-gnu/libXau.so.6.0.0
7f4c5ce16000-7f4c5ce17000 rw-p 00003000 b3:02 666105                     /usr/lib/x86_64-linux-gnu/libXau.so.6.0.0
7f4c5ce17000-7f4c5ce38000 r-xp 00000000 b3:02 667514                     /usr/lib/x86_64-linux-gnu/libxcb.so.1.1.0
7f4c5ce38000-7f4c5d037000 ---p 00021000 b3:02 667514                     /usr/lib/x86_64-linux-gnu/libxcb.so.1.1.0
7f4c5d037000-7f4c5d038000 r--p 00020000 b3:02 667514                     /usr/lib/x86_64-linux-gnu/libxcb.so.1.1.0
7f4c5d038000-7f4c5d039000 rw-p 00021000 b3:02 667514                     /usr/lib/x86_64-linux-gnu/libxcb.so.1.1.0
7f4c5d039000-7f4c5d048000 r-xp 00000000 b3:02 666126                     /usr/lib/x86_64-linux-gnu/libXi.so.6.1.0
7f4c5d048000-7f4c5d247000 ---p 0000f000 b3:02 666126                     /usr/lib/x86_64-linux-gnu/libXi.so.6.1.0
7f4c5d247000-7f4c5d248000 r--p 0000e000 b3:02 666126                     /usr/lib/x86_64-linux-gnu/libXi.so.6.1.0
7f4c5d248000-7f4c5d249000 rw-p 0000f000 b3:02 666126                     /usr/lib/x86_64-linux-gnu/libXi.so.6.1.0
7f4c5d249000-7f4c5d24e000 r-xp 00000000 b3:02 666144                     /usr/lib/x86_64-linux-gnu/libXtst.so.6.1.0
7f4c5d24e000-7f4c5d44d000 ---p 00005000 b3:02 666144                     /usr/lib/x86_64-linux-gnu/libXtst.so.6.1.0
7f4c5d44d000-7f4c5d44e000 r--p 00004000 b3:02 666144                     /usr/lib/x86_64-linux-gnu/libXtst.so.6.1.0
7f4c5d44e000-7f4c5d44f000 rw-p 00005000 b3:02 666144                     /usr/lib/x86_64-linux-gnu/libXtst.so.6.1.0
7f4c5d44f000-7f4c5d458000 r-xp 00000000 b3:02 666138                     /usr/lib/x86_64-linux-gnu/libXrender.so.1.3.0
7f4c5d458000-7f4c5d657000 ---p 00009000 b3:02 666138                     /usr/lib/x86_64-linux-gnu/libXrender.so.1.3.0
7f4c5d657000-7f4c5d658000 r--p 00008000 b3:02 666138                     /usr/lib/x86_64-linux-gnu/libXrender.so.1.3.0
7f4c5d658000-7f4c5d659000 rw-p 00009000 b3:02 666138                     /usr/lib/x86_64-linux-gnu/libXrender.so.1.3.0
7f4c5d659000-7f4c5d78e000 r-xp 00000000 b3:02 666101                     /usr/lib/x86_64-linux-gnu/libX11.so.6.3.0
7f4c5d78e000-7f4c5d98e000 ---p 00135000 b3:02 666101                     /usr/lib/x86_64-linux-gnu/libX11.so.6.3.0
7f4c5d98e000-7f4c5d98f000 r--p 00135000 b3:02 666101                     /usr/lib/x86_64-linux-gnu/libX11.so.6.3.0
7f4c5d98f000-7f4c5d993000 rw-p 00136000 b3:02 666101                     /usr/lib/x86_64-linux-gnu/libX11.so.6.3.0
7f4c5d993000-7f4c5d9a4000 r-xp 00000000 b3:02 666118                     /usr/lib/x86_64-linux-gnu/libXext.so.6.4.0
7f4c5d9a4000-7f4c5dba3000 ---p 00011000 b3:02 666118                     /usr/lib/x86_64-linux-gnu/libXext.so.6.4.0
7f4c5dba3000-7f4c5dba4000 r--p 00010000 b3:02 666118                     /usr/lib/x86_64-linux-gnu/libXext.so.6.4.0
7f4c5dba4000-7f4c5dba5000 rw-p 00011000 b3:02 666118                     /usr/lib/x86_64-linux-gnu/libXext.so.6.4.0
7f4c5dba5000-7f4c5dbf9000 r-xp 00000000 b3:02 657829                     /usr/lib/jvm/java-8-openjdk-amd64/jre/lib/amd64/libawt_xawt.so
7f4c5dbf9000-7f4c5ddf9000 ---p 00054000 b3:02 657829                     /usr/lib/jvm/java-8-openjdk-amd64/jre/lib/amd64/libawt_xawt.so
7f4c5ddf9000-7f4c5ddfa000 r--p 00054000 b3:02 657829                     /usr/lib/jvm/java-8-openjdk-amd64/jre/lib/amd64/libawt_xawt.so
7f4c5ddfa000-7f4c5ddfd000 rw-p 00055000 b3:02 657829                     /usr/lib/jvm/java-8-openjdk-amd64/jre/lib/amd64/libawt_xawt.so
7f4c5ddfd000-7f4c5ddfe000 rw-p 00000000 00:00 0 
7f4c5ddfe000-7f4c5de9e000 r-xp 00000000 b3:02 657843                     /usr/lib/jvm/java-8-openjdk-amd64/jre/lib/amd64/libawt.so
7f4c5de9e000-7f4c5e09e000 ---p 000a0000 b3:02 657843                     /usr/lib/jvm/java-8-openjdk-amd64/jre/lib/amd64/libawt.so
7f4c5e09e000-7f4c5e09f000 r--p 000a0000 b3:02 657843                     /usr/lib/jvm/java-8-openjdk-amd64/jre/lib/amd64/libawt.so
7f4c5e09f000-7f4c5e0aa000 rw-p 000a1000 b3:02 657843                     /usr/lib/jvm/java-8-openjdk-amd64/jre/lib/amd64/libawt.so
7f4c5e0aa000-7f4c5e0cf000 rw-p 00000000 00:00 0 
7f4c5e0cf000-7f4c5e0d0000 ---p 00000000 00:00 0 
7f4c5e0d0000-7f4c60000000 rw-p 00000000 00:00 0 
7f4c60000000-7f4c60021000 rw-p 00000000 00:00 0 
7f4c60021000-7f4c64000000 ---p 00000000 00:00 0 
7f4c6406a000-7f4c6406d000 ---p 00000000 00:00 0 
7f4c6406d000-7f4c6416b000 rw-p 00000000 00:00 0 
7f4c6416b000-7f4c6416e000 ---p 00000000 00:00 0 
7f4c6416e000-7f4c6426c000 rw-p 00000000 00:00 0 
7f4c6426c000-7f4c6426f000 ---p 00000000 00:00 0 
7f4c6426f000-7f4c6436d000 rw-p 00000000 00:00 0 
7f4c6436d000-7f4c64370000 ---p 00000000 00:00 0 
7f4c64370000-7f4c6446e000 rw-p 00000000 00:00 0 
7f4c6446e000-7f4c648f9000 r--p 00000000 b3:02 658055                     /usr/lib/locale/locale-archive
7f4c648f9000-7f4c648fc000 ---p 00000000 00:00 0 
7f4c648fc000-7f4c649fa000 rw-p 00000000 00:00 0 
7f4c649fa000-7f4c649fd000 ---p 00000000 00:00 0 
7f4c649fd000-7f4c64afb000 rw-p 00000000 00:00 0 
7f4c64afb000-7f4c64afc000 ---p 00000000 00:00 0 
7f4c64afc000-7f4c65000000 rw-p 00000000 00:00 0 
7f4c65000000-7f4c65750000 rwxp 00000000 00:00 0 
7f4c65750000-7f4c74000000 ---p 00000000 00:00 0 
7f4c74000000-7f4c74215000 rw-p 00000000 00:00 0 
7f4c74215000-7f4c78000000 ---p 00000000 00:00 0 
7f4c78034000-7f4c78047000 r--s 00346000 b3:02 657857                     /usr/lib/jvm/java-8-openjdk-amd64/jre/lib/resources.jar
7f4c78047000-7f4c78051000 r--s 00116000 b3:02 657814                     /usr/lib/jvm/java-8-openjdk-amd64/jre/lib/ext/localedata.jar
7f4c78051000-7f4c7806c000 r--s 00394000 b3:02 657809                     /usr/lib/jvm/java-8-openjdk-amd64/jre/lib/ext/cldrdata.jar
7f4c7806c000-7f4c78087000 r--s 001d6000 b3:02 657811                     /usr/lib/jvm/java-8-openjdk-amd64/jre/lib/ext/nashorn.jar
7f4c78087000-7f4c785fb000 rw-p 00000000 00:00 0 
7f4c785fb000-7f4c787ca000 r--s 03c21000 b3:02 657805                     /usr/lib/jvm/java-8-openjdk-amd64/jre/lib/rt.jar
7f4c787ca000-7f4c79223000 rw-p 00000000 00:00 0 
7f4c79223000-7f4c79224000 ---p 00000000 00:00 0 
7f4c79224000-7f4c79324000 rw-p 00000000 00:00 0 
7f4c79324000-7f4c79325000 ---p 00000000 00:00 0 
7f4c79325000-7f4c7943a000 rw-p 00000000 00:00 0 
7f4c7943a000-7f4c79567000 ---p 00000000 00:00 0 
7f4c79567000-7f4c7957c000 rw-p 00000000 00:00 0 
7f4c7957c000-7f4c796a9000 ---p 00000000 00:00 0 
7f4c796a9000-7f4c796b4000 rw-p 00000000 00:00 0 
7f4c796b4000-7f4c7974a000 ---p 00000000 00:00 0 
7f4c7974a000-7f4c79769000 rw-p 00000000 00:00 0 
7f4c79769000-7f4c79b0b000 ---p 00000000 00:00 0 
7f4c79b0b000-7f4c79b13000 r-xp 00000000 b3:02 657844                     /usr/lib/jvm/java-8-openjdk-amd64/jre/lib/amd64/libzip.so
7f4c79b13000-7f4c79d12000 ---p 00008000 b3:02 657844                     /usr/lib/jvm/java-8-openjdk-amd64/jre/lib/amd64/libzip.so
7f4c79d12000-7f4c79d13000 r--p 00007000 b3:02 657844                     /usr/lib/jvm/java-8-openjdk-amd64/jre/lib/amd64/libzip.so
7f4c79d13000-7f4c79d14000 rw-p 00008000 b3:02 657844                     /usr/lib/jvm/java-8-openjdk-amd64/jre/lib/amd64/libzip.so
7f4c79d14000-7f4c79d1f000 r-xp 00000000 b3:02 1369074                    /lib/x86_64-linux-gnu/libnss_files-2.23.so
7f4c79d1f000-7f4c79f1e000 ---p 0000b000 b3:02 1369074                    /lib/x86_64-linux-gnu/libnss_files-2.23.so
7f4c79f1e000-7f4c79f1f000 r--p 0000a000 b3:02 1369074                    /lib/x86_64-linux-gnu/libnss_files-2.23.so
7f4c79f1f000-7f4c79f20000 rw-p 0000b000 b3:02 1369074                    /lib/x86_64-linux-gnu/libnss_files-2.23.so
7f4c79f20000-7f4c79f26000 rw-p 00000000 00:00 0 
7f4c79f26000-7f4c79f31000 r-xp 00000000 b3:02 1369078                    /lib/x86_64-linux-gnu/libnss_nis-2.23.so
7f4c79f31000-7f4c7a130000 ---p 0000b000 b3:02 1369078                    /lib/x86_64-linux-gnu/libnss_nis-2.23.so
7f4c7a130000-7f4c7a131000 r--p 0000a000 b3:02 1369078                    /lib/x86_64-linux-gnu/libnss_nis-2.23.so
7f4c7a131000-7f4c7a132000 rw-p 0000b000 b3:02 1369078                    /lib/x86_64-linux-gnu/libnss_nis-2.23.so
7f4c7a132000-7f4c7a148000 r-xp 00000000 b3:02 1345128                    /lib/x86_64-linux-gnu/libnsl-2.23.so
7f4c7a148000-7f4c7a347000 ---p 00016000 b3:02 1345128                    /lib/x86_64-linux-gnu/libnsl-2.23.so
7f4c7a347000-7f4c7a348000 r--p 00015000 b3:02 1345128                    /lib/x86_64-linux-gnu/libnsl-2.23.so
7f4c7a348000-7f4c7a349000 rw-p 00016000 b3:02 1345128                    /lib/x86_64-linux-gnu/libnsl-2.23.so
7f4c7a349000-7f4c7a34b000 rw-p 00000000 00:00 0 
7f4c7a34b000-7f4c7a353000 r-xp 00000000 b3:02 1369069                    /lib/x86_64-linux-gnu/libnss_compat-2.23.so
7f4c7a353000-7f4c7a552000 ---p 00008000 b3:02 1369069                    /lib/x86_64-linux-gnu/libnss_compat-2.23.so
7f4c7a552000-7f4c7a553000 r--p 00007000 b3:02 1369069                    /lib/x86_64-linux-gnu/libnss_compat-2.23.so
7f4c7a553000-7f4c7a554000 rw-p 00008000 b3:02 1369069                    /lib/x86_64-linux-gnu/libnss_compat-2.23.so
7f4c7a554000-7f4c7a581000 r-xp 00000000 b3:02 657827                     /usr/lib/jvm/java-8-openjdk-amd64/jre/lib/amd64/libjava.so
7f4c7a581000-7f4c7a780000 ---p 0002d000 b3:02 657827                     /usr/lib/jvm/java-8-openjdk-amd64/jre/lib/amd64/libjava.so
7f4c7a780000-7f4c7a781000 r--p 0002c000 b3:02 657827                     /usr/lib/jvm/java-8-openjdk-amd64/jre/lib/amd64/libjava.so
7f4c7a781000-7f4c7a783000 rw-p 0002d000 b3:02 657827                     /usr/lib/jvm/java-8-openjdk-amd64/jre/lib/amd64/libjava.so
7f4c7a783000-7f4c7a792000 r-xp 00000000 b3:02 657842                     /usr/lib/jvm/java-8-openjdk-amd64/jre/lib/amd64/libverify.so
7f4c7a792000-7f4c7a991000 ---p 0000f000 b3:02 657842                     /usr/lib/jvm/java-8-openjdk-amd64/jre/lib/amd64/libverify.so
7f4c7a991000-7f4c7a993000 r--p 0000e000 b3:02 657842                     /usr/lib/jvm/java-8-openjdk-amd64/jre/lib/amd64/libverify.so
7f4c7a993000-7f4c7a994000 rw-p 00010000 b3:02 657842                     /usr/lib/jvm/java-8-openjdk-amd64/jre/lib/amd64/libverify.so
7f4c7a994000-7f4c7a99b000 r-xp 00000000 b3:02 1369079                    /lib/x86_64-linux-gnu/librt-2.23.so
7f4c7a99b000-7f4c7ab9a000 ---p 00007000 b3:02 1369079                    /lib/x86_64-linux-gnu/librt-2.23.so
7f4c7ab9a000-7f4c7ab9b000 r--p 00006000 b3:02 1369079                    /lib/x86_64-linux-gnu/librt-2.23.so
7f4c7ab9b000-7f4c7ab9c000 rw-p 00007000 b3:02 1369079                    /lib/x86_64-linux-gnu/librt-2.23.so
7f4c7ab9c000-7f4c7abb2000 r-xp 00000000 b3:02 1316341                    /lib/x86_64-linux-gnu/libgcc_s.so.1
7f4c7abb2000-7f4c7adb1000 ---p 00016000 b3:02 1316341                    /lib/x86_64-linux-gnu/libgcc_s.so.1
7f4c7adb1000-7f4c7adb2000 rw-p 00015000 b3:02 1316341                    /lib/x86_64-linux-gnu/libgcc_s.so.1
7f4c7adb2000-7f4c7aeba000 r-xp 00000000 b3:02 1345127                    /lib/x86_64-linux-gnu/libm-2.23.so
7f4c7aeba000-7f4c7b0b9000 ---p 00108000 b3:02 1345127                    /lib/x86_64-linux-gnu/libm-2.23.so
7f4c7b0b9000-7f4c7b0ba000 r--p 00107000 b3:02 1345127                    /lib/x86_64-linux-gnu/libm-2.23.so
7f4c7b0ba000-7f4c7b0bb000 rw-p 00108000 b3:02 1345127                    /lib/x86_64-linux-gnu/libm-2.23.so
7f4c7b0bb000-7f4c7b22d000 r-xp 00000000 b3:02 657411                     /usr/lib/x86_64-linux-gnu/libstdc++.so.6.0.21 (deleted)
7f4c7b22d000-7f4c7b42d000 ---p 00172000 b3:02 657411                     /usr/lib/x86_64-linux-gnu/libstdc++.so.6.0.21 (deleted)
7f4c7b42d000-7f4c7b437000 r--p 00172000 b3:02 657411                     /usr/lib/x86_64-linux-gnu/libstdc++.so.6.0.21 (deleted)
7f4c7b437000-7f4c7b439000 rw-p 0017c000 b3:02 657411                     /usr/lib/x86_64-linux-gnu/libstdc++.so.6.0.21 (deleted)
7f4c7b439000-7f4c7b43d000 rw-p 00000000 00:00 0 
7f4c7b43d000-7f4c7c08f000 r-xp 00000000 b3:02 657837                     /usr/lib/jvm/java-8-openjdk-amd64/jre/lib/amd64/server/libjvm.so
7f4c7c08f000-7f4c7c28f000 ---p 00c52000 b3:02 657837                     /usr/lib/jvm/java-8-openjdk-amd64/jre/lib/amd64/server/libjvm.so
7f4c7c28f000-7f4c7c322000 r--p 00c52000 b3:02 657837                     /usr/lib/jvm/java-8-openjdk-amd64/jre/lib/amd64/server/libjvm.so
7f4c7c322000-7f4c7c34b000 rw-p 00ce5000 b3:02 657837                     /usr/lib/jvm/java-8-openjdk-amd64/jre/lib/amd64/server/libjvm.so
7f4c7c34b000-7f4c7c37b000 rw-p 00000000 00:00 0 
7f4c7c37b000-7f4c7c393000 r-xp 00000000 b3:02 1369060                    /lib/x86_64-linux-gnu/libpthread-2.23.so
7f4c7c393000-7f4c7c592000 ---p 00018000 b3:02 1369060                    /lib/x86_64-linux-gnu/libpthread-2.23.so
7f4c7c592000-7f4c7c593000 r--p 00017000 b3:02 1369060                    /lib/x86_64-linux-gnu/libpthread-2.23.so
7f4c7c593000-7f4c7c594000 rw-p 00018000 b3:02 1369060                    /lib/x86_64-linux-gnu/libpthread-2.23.so
7f4c7c594000-7f4c7c598000 rw-p 00000000 00:00 0 
7f4c7c598000-7f4c7c59b000 r-xp 00000000 b3:02 1369063                    /lib/x86_64-linux-gnu/libdl-2.23.so
7f4c7c59b000-7f4c7c79a000 ---p 00003000 b3:02 1369063                    /lib/x86_64-linux-gnu/libdl-2.23.so
7f4c7c79a000-7f4c7c79b000 r--p 00002000 b3:02 1369063                    /lib/x86_64-linux-gnu/libdl-2.23.so
7f4c7c79b000-7f4c7c79c000 rw-p 00003000 b3:02 1369063                    /lib/x86_64-linux-gnu/libdl-2.23.so
7f4c7c79c000-7f4c7c7b5000 r-xp 00000000 b3:02 1315971                    /lib/x86_64-linux-gnu/libz.so.1.2.8
7f4c7c7b5000-7f4c7c9b4000 ---p 00019000 b3:02 1315971                    /lib/x86_64-linux-gnu/libz.so.1.2.8
7f4c7c9b4000-7f4c7c9b5000 r--p 00018000 b3:02 1315971                    /lib/x86_64-linux-gnu/libz.so.1.2.8
7f4c7c9b5000-7f4c7c9b6000 rw-p 00019000 b3:02 1315971                    /lib/x86_64-linux-gnu/libz.so.1.2.8
7f4c7c9b6000-7f4c7cb76000 r-xp 00000000 b3:02 1369061                    /lib/x86_64-linux-gnu/libc-2.23.so
7f4c7cb76000-7f4c7cd76000 ---p 001c0000 b3:02 1369061                    /lib/x86_64-linux-gnu/libc-2.23.so
7f4c7cd76000-7f4c7cd7a000 r--p 001c0000 b3:02 1369061                    /lib/x86_64-linux-gnu/libc-2.23.so
7f4c7cd7a000-7f4c7cd7c000 rw-p 001c4000 b3:02 1369061                    /lib/x86_64-linux-gnu/libc-2.23.so
7f4c7cd7c000-7f4c7cd80000 rw-p 00000000 00:00 0 
7f4c7cd80000-7f4c7cd8d000 r-xp 00000000 b3:02 657840                     /usr/lib/jvm/java-8-openjdk-amd64/jre/lib/amd64/jli/libjli.so
7f4c7cd8d000-7f4c7cf8d000 ---p 0000d000 b3:02 657840                     /usr/lib/jvm/java-8-openjdk-amd64/jre/lib/amd64/jli/libjli.so
7f4c7cf8d000-7f4c7cf8e000 r--p 0000d000 b3:02 657840                     /usr/lib/jvm/java-8-openjdk-amd64/jre/lib/amd64/jli/libjli.so
7f4c7cf8e000-7f4c7cf8f000 rw-p 0000e000 b3:02 657840                     /usr/lib/jvm/java-8-openjdk-amd64/jre/lib/amd64/jli/libjli.so
7f4c7cf8f000-7f4c7cfb5000 r-xp 00000000 b3:02 1369059                    /lib/x86_64-linux-gnu/ld-2.23.so
7f4c7cfb5000-7f4c7cfb9000 rw-s 00000000 00:05 7667730                    /SYSV00000000 (deleted)
7f4c7cfb9000-7f4c7cfbb000 r--s 00008000 b3:02 657813                     /usr/lib/jvm/java-8-openjdk-amd64/jre/lib/ext/sunec.jar
7f4c7cfbb000-7f4c7d093000 rw-p 00000000 00:00 0 
7f4c7d093000-7f4c7d096000 ---p 00000000 00:00 0 
7f4c7d096000-7f4c7d198000 rw-p 00000000 00:00 0 
7f4c7d198000-7f4c7d199000 r--s 00010000 b3:02 657810                     /usr/lib/jvm/java-8-openjdk-amd64/jre/lib/ext/zipfs.jar
7f4c7d199000-7f4c7d19f000 r--s 0003a000 b3:02 657812                     /usr/lib/jvm/java-8-openjdk-amd64/jre/lib/ext/sunjce_provider.jar
7f4c7d19f000-7f4c7d1a0000 r--s 0000a000 b3:02 657816                     /usr/lib/jvm/java-8-openjdk-amd64/jre/lib/ext/jaccess.jar
7f4c7d1a0000-7f4c7d1a2000 r--s 00001000 b3:02 657817                     /usr/lib/jvm/java-8-openjdk-amd64/jre/lib/ext/dnsns.jar
7f4c7d1a2000-7f4c7d1a5000 r--s 0000f000 b3:02 657808                     /usr/lib/jvm/java-8-openjdk-amd64/jre/lib/ext/icedtea-sound.jar
7f4c7d1a5000-7f4c7d1a9000 r--s 00037000 b3:02 657815                     /usr/lib/jvm/java-8-openjdk-amd64/jre/lib/ext/sunpkcs11.jar
7f4c7d1a9000-7f4c7d1b1000 rw-s 00000000 b3:02 526140                     /tmp/hsperfdata_gua/19507
7f4c7d1b1000-7f4c7d1b2000 rw-p 00000000 00:00 0 
7f4c7d1b2000-7f4c7d1b3000 r--p 00000000 00:00 0 
7f4c7d1b3000-7f4c7d1b4000 rw-p 00000000 00:00 0 
7f4c7d1b4000-7f4c7d1b5000 r--p 00025000 b3:02 1369059                    /lib/x86_64-linux-gnu/ld-2.23.so
7f4c7d1b5000-7f4c7d1b6000 rw-p 00026000 b3:02 1369059                    /lib/x86_64-linux-gnu/ld-2.23.so
7f4c7d1b6000-7f4c7d1b7000 rw-p 00000000 00:00 0 
7ffc74487000-7ffc744a8000 rw-p 00000000 00:00 0                          [stack]
7ffc744af000-7ffc744b2000 r--p 00000000 00:00 0                          [vvar]
7ffc744b2000-7ffc744b4000 r-xp 00000000 00:00 0                          [vdso]
ffffffffff600000-ffffffffff601000 r-xp 00000000 00:00 0                  [vsyscall]

VM Arguments:
jvm_args: -Dfile.encoding=UTF-8 
java_command: Driver
java_class_path (initial): /home/gua/workspace/SwingWorkerExample/out/production/SwingWorkerExample
Launcher Type: SUN_STANDARD

Environment Variables:
PATH=/home/gua/anaconda3/bin:/home/gua/bin:/home/gua/.local/bin:/opt/OpenPrinting-Gutenprint/sbin:/opt/OpenPrinting-Gutenprint/bin:/usr/local/sbin:/usr/local/bin:/usr/sbin:/usr/bin:/sbin:/bin:/usr/games:/usr/local/games:/snap/bin
SHELL=/bin/bash
DISPLAY=:0

Signal Handlers:
SIGSEGV: [libjvm.so+0xa69040], sa_mask[0]=11111111011111111101111111111110, sa_flags=SA_RESTART|SA_SIGINFO
SIGBUS: [libjvm.so+0xa69040], sa_mask[0]=11111111011111111101111111111110, sa_flags=SA_RESTART|SA_SIGINFO
SIGFPE: [libjvm.so+0x8b2170], sa_mask[0]=11111111011111111101111111111110, sa_flags=SA_RESTART|SA_SIGINFO
SIGPIPE: [libjvm.so+0x8b2170], sa_mask[0]=11111111011111111101111111111110, sa_flags=SA_RESTART|SA_SIGINFO
SIGXFSZ: [libjvm.so+0x8b2170], sa_mask[0]=11111111011111111101111111111110, sa_flags=SA_RESTART|SA_SIGINFO
SIGILL: [libjvm.so+0x8b2170], sa_mask[0]=11111111011111111101111111111110, sa_flags=SA_RESTART|SA_SIGINFO
SIGUSR1: SIG_DFL, sa_mask[0]=00000000000000000000000000000000, sa_flags=none
SIGUSR2: [libjvm.so+0x8b2020], sa_mask[0]=00100000000000000000000000000000, sa_flags=SA_RESTART|SA_SIGINFO
SIGHUP: [libjvm.so+0x8b24f0], sa_mask[0]=11111111011111111101111111111110, sa_flags=SA_RESTART|SA_SIGINFO
SIGINT: [libjvm.so+0x8b24f0], sa_mask[0]=11111111011111111101111111111110, sa_flags=SA_RESTART|SA_SIGINFO
SIGTERM: [libjvm.so+0x8b24f0], sa_mask[0]=11111111011111111101111111111110, sa_flags=SA_RESTART|SA_SIGINFO
SIGQUIT: [libjvm.so+0x8b24f0], sa_mask[0]=11111111011111111101111111111110, sa_flags=SA_RESTART|SA_SIGINFO


---------------  S Y S T E M  ---------------

OS:DISTRIB_ID=Ubuntu
DISTRIB_RELEASE=16.04
DISTRIB_CODENAME=xenial
DISTRIB_DESCRIPTION="Ubuntu 16.04.3 LTS"

uname:Linux 4.13.0-32-generic #35~16.04.1-Ubuntu SMP Thu Jan 25 10:13:43 UTC 2018 x86_64
libc:glibc 2.23 NPTL 2.23 
rlimit: STACK 8192k, CORE 0k, NPROC 14853, NOFILE 1048576, AS infinity
load average:2.01 3.33 4.05

/proc/meminfo:
MemTotal:        3950064 kB
MemFree:         1205908 kB
MemAvailable:    1829268 kB
Buffers:          133108 kB
Cached:           730388 kB
SwapCached:        25060 kB
Active:          1663216 kB
Inactive:         793544 kB
Active(anon):    1204660 kB
Inactive(anon):   486816 kB
Active(file):     458556 kB
Inactive(file):   306728 kB
Unevictable:         908 kB
Mlocked:             908 kB
SwapTotal:       2006012 kB
SwapFree:        1176644 kB
Dirty:              2976 kB
Writeback:             0 kB
AnonPages:       1580180 kB
Mapped:           144340 kB
Shmem:             98184 kB
Slab:             182320 kB
SReclaimable:     133784 kB
SUnreclaim:        48536 kB
KernelStack:        8480 kB
PageTables:        36056 kB
NFS_Unstable:          0 kB
Bounce:                0 kB
WritebackTmp:          0 kB
CommitLimit:     3981044 kB
Committed_AS:    5465792 kB
VmallocTotal:   34359738367 kB
VmallocUsed:           0 kB
VmallocChunk:          0 kB
HardwareCorrupted:     0 kB
AnonHugePages:         0 kB
ShmemHugePages:        0 kB
ShmemPmdMapped:        0 kB
CmaTotal:              0 kB
CmaFree:               0 kB
HugePages_Total:       0
HugePages_Free:        0
HugePages_Rsvd:        0
HugePages_Surp:        0
Hugepagesize:       2048 kB
DirectMap4k:     1316908 kB
DirectMap2M:     2787328 kB


CPU:total 2 (initial active 2) (2 cores per cpu, 1 threads per core) family 6 model 76 stepping 3, cmov, cx8, fxsr, mmx, sse, sse2, sse3, ssse3, sse4.1, sse4.2, popcnt, aes, clmul, erms, 3dnowpref, tsc, tscinvbit

/proc/cpuinfo:
processor	: 0
vendor_id	: GenuineIntel
cpu family	: 6
model		: 76
model name	: Intel(R) Celeron(R) CPU  N3050  @ 1.60GHz
stepping	: 3
microcode	: 0x34b
cpu MHz		: 1600.000
cache size	: 1024 KB
physical id	: 0
siblings	: 2
core id		: 0
cpu cores	: 2
apicid		: 0
initial apicid	: 0
fpu		: yes
fpu_exception	: yes
cpuid level	: 11
wp		: yes
flags		: fpu vme de pse tsc msr pae mce cx8 apic sep mtrr pge mca cmov pat pse36 clflush dts acpi mmx fxsr sse sse2 ss ht tm pbe syscall nx rdtscp lm constant_tsc arch_perfmon pebs bts rep_good nopl xtopology tsc_reliable nonstop_tsc cpuid aperfmperf tsc_known_freq pni pclmulqdq dtes64 monitor ds_cpl vmx est tm2 ssse3 cx16 xtpr pdcm sse4_1 sse4_2 movbe popcnt tsc_deadline_timer aes rdrand lahf_lm 3dnowprefetch epb pti tpr_shadow vnmi flexpriority ept vpid tsc_adjust smep erms dtherm ida arat
bugs		: cpu_meltdown spectre_v1 spectre_v2
bogomips	: 3200.00
clflush size	: 64
cache_alignment	: 64
address sizes	: 36 bits physical, 48 bits virtual
power management:

processor	: 1
vendor_id	: GenuineIntel
cpu family	: 6
model		: 76
model name	: Intel(R) Celeron(R) CPU  N3050  @ 1.60GHz
stepping	: 3
microcode	: 0x34b
cpu MHz		: 1600.000
cache size	: 1024 KB
physical id	: 0
siblings	: 2
core id		: 2
cpu cores	: 2
apicid		: 4
initial apicid	: 4
fpu		: yes
fpu_exception	: yes
cpuid level	: 11
wp		: yes
flags		: fpu vme de pse tsc msr pae mce cx8 apic sep mtrr pge mca cmov pat pse36 clflush dts acpi mmx fxsr sse sse2 ss ht tm pbe syscall nx rdtscp lm constant_tsc arch_perfmon pebs bts rep_good nopl xtopology tsc_reliable nonstop_tsc cpuid aperfmperf tsc_known_freq pni pclmulqdq dtes64 monitor ds_cpl vmx est tm2 ssse3 cx16 xtpr pdcm sse4_1 sse4_2 movbe popcnt tsc_deadline_timer aes rdrand lahf_lm 3dnowprefetch epb pti tpr_shadow vnmi flexpriority ept vpid tsc_adjust smep erms dtherm ida arat
bugs		: cpu_meltdown spectre_v1 spectre_v2
bogomips	: 3200.00
clflush size	: 64
cache_alignment	: 64
address sizes	: 36 bits physical, 48 bits virtual
power management:



Memory: 4k page, physical 3950064k(1205908k free), swap 2006012k(1176644k free)

vm_info: OpenJDK 64-Bit Server VM (25.151-b12) for linux-amd64 JRE (1.8.0_151-8u151-b12-0ubuntu0.16.04.2-b12), built on Oct 27 2017 21:59:02 by "buildd" with gcc 5.4.0 20160609

time: Sun Feb 25 14:55:10 2018
elapsed time: 341187 seconds (3d 22h 46m 27s)

